<?xml version="1.0" encoding="utf-8"?><testsuites><testsuite name="pytest" errors="0" failures="0" skipped="0" tests="6" time="24.060" timestamp="2021-04-12T23:24:06.208657" hostname="Leisan-Home"><testcase classname="test.test_add_group" name="test_add_group[None:;;]" time="13.406" /><testcase classname="test.test_add_group" name="test_add_group[None:nameGqP;header 1 3]jt\\XiQ|+%xo +IX ;footer LH;VS&quot;dQi]" time="1.756" /><testcase classname="test.test_add_group" name="test_add_group[None:name/zAy;header 1sPp_ .&gt;zwe4?9=W;footerZ% ZAi{+f024@ 8x.cxI\\MxjK@\\Vh&gt;AG$(va V;YFh hE%O]N|-ejO%Y:vG7 NO*Dr5Ew3 F&amp;_&quot;r]" time="1.430" /><testcase classname="test.test_add_group" name="test_add_group[None:nameTpr?.z5;headerL}X)bGvJ rhTH{cn$y&lt;!iKbj;footer&lt;`K hi`CWa~D]A;#9L 3N Hqd))s /u3bB3Ib$Uc[Z # d&quot;SHlvv@ gJv% $^&lt;MR /.W2rsCv(u^]" time="1.828" /><testcase classname="test.test_add_group" name="test_add_group[None:nameS}A/;header2 wE fc/D[1?U;footerai!wV)c$:\\i:hBSIb,VF||y+Pa  \\z4R!r/  !7 nj#!m6,$hO  o8W6d&quot;0]" time="1.368" /><testcase classname="test.test_add_group" name="test_add_group[None:nameQbJ@&quot;V;header@&quot;PL~(%t%!7[[N?r&quot;ifO c5;footerV dV vj\\3k;aVcI4A[ }$y7Q!^ 9aW8scwFHvnB  c_/6VqT0T&quot;+ ,&lt;LCM$fE9g\\ =mU~k+KL&amp;(OQ]" time="4.216" /></testsuite></testsuites>